<?xml version="1.0" encoding="UTF-8"?>
<!-- Generated by org.testng.reporters.JUnitXMLReporter -->
<testsuite hostname="DESKTOP-P82K65B" ignored="3" name="Car Loan" tests="2" failures="0" timestamp="2023-05-27T16:04:58 IST" time="0.083" errors="0">
  <testcase name="ApiLoginCarLoan" time="0.012" classname="section30from238.Testng3"/>
  <testcase name="WebLoginCarLoan" time="0.004" classname="section30from238.Testng3"/>
  <testcase name="MobilesignoutCarloan" time="0.0" classname="section30from238.Testng3">
    <ignored/>
  </testcase> <!-- MobilesignoutCarloan -->
  <testcase name="MobileLoginCarloan" time="0.0" classname="section30from238.Testng3">
    <ignored/>
  </testcase> <!-- MobileLoginCarloan -->
  <testcase name="MobilesingninCarloan" time="0.0" classname="section30from238.Testng3">
    <ignored/>
  </testcase> <!-- MobilesingninCarloan -->
</testsuite> <!-- Car Loan -->
