<?xml version="1.0" encoding="UTF-8"?>
<!-- Generated by org.testng.reporters.JUnitXMLReporter -->
<testsuite hostname="DESKTOP-P82K65B" ignored="2" name="Test" tests="6" failures="0" timestamp="2023-05-27T16:04:58 IST" time="0.286" errors="0">
  <testcase name="WebLoginHomeLoan" time="0.019" classname="section30from238.Testng4"/>
  <testcase name="Demo" time="0.028" classname="section30from238.Testng1"/>
  <testcase name="MobileLoginHomeloan" time="0.01" classname="section30from238.Testng4"/>
  <testcase name="Demo2" time="0.011" classname="section30from238.Testng2"/>
  <testcase name="ApiLoginHomeLoan" time="0.003" classname="section30from238.Testng4"/>
  <testcase name="Demo2" time="0.009" classname="section30from238.Testng2"/>
  <testcase name="secondTest" time="0.0" classname="section30from238.Testng1">
    <ignored/>
  </testcase> <!-- secondTest -->
  <testcase name="getFirst" time="0.0" classname="section30from238.Testng1">
    <ignored/>
  </testcase> <!-- getFirst -->
</testsuite> <!-- Test -->
