<?xml version="1.0" encoding="UTF-8"?>
<testng-results skipped="0" failed="0" ignored="0" total="1" passed="1">
  <reporter-output>
  </reporter-output>
  <suite name="Default suite" duration-ms="72" started-at="2023-05-27T19:30:28 IST" finished-at="2023-05-27T19:30:28 IST">
    <groups>
    </groups>
    <test name="Default test" duration-ms="72" started-at="2023-05-27T19:30:28 IST" finished-at="2023-05-27T19:30:28 IST">
      <class name="javastreamsfrom115.PS1">
        <test-method status="PASS" signature="testRun()[pri:0, instance:javastreamsfrom115.PS1@77ec78b9]" name="testRun" duration-ms="13" started-at="2023-05-27T19:30:28 IST" finished-at="2023-05-27T19:30:28 IST">
          <reporter-output>
          </reporter-output>
        </test-method> <!-- testRun -->
      </class> <!-- javastreamsfrom115.PS1 -->
    </test> <!-- Default test -->
  </suite> <!-- Default suite -->
</testng-results>
